<?xml version="1.0" encoding="UTF-8"?>
<testng-results ignored="0" total="1" passed="1" failed="0" skipped="0">
  <reporter-output>
  </reporter-output>
  <suite started-at="2024-10-08T21:47:39 IST" name="Default suite" finished-at="2024-10-08T21:47:43 IST" duration-ms="4203">
    <groups>
    </groups>
    <test started-at="2024-10-08T21:47:39 IST" name="Default test" finished-at="2024-10-08T21:47:43 IST" duration-ms="4203">
      <class name="ExtentReportDemo">
        <test-method signature="initailDemo()[pri:0, instance:ExtentReportDemo@5b8dfcc1]" started-at="2024-10-08T21:47:39 IST" name="initailDemo" finished-at="2024-10-08T21:47:43 IST" duration-ms="4108" status="PASS">
          <reporter-output>
          </reporter-output>
        </test-method> <!-- initailDemo -->
      </class> <!-- ExtentReportDemo -->
    </test> <!-- Default test -->
  </suite> <!-- Default suite -->
</testng-results>
